[debug] [2026-02-15T12:11:34.004Z] No OAuth tokens found
[debug] [2026-02-15T12:11:34.006Z] No OAuth tokens found
[debug] [2026-02-15T12:11:34.007Z] No OAuth tokens found
[debug] [2026-02-15T12:11:34.008Z] No OAuth tokens found
[debug] [2026-02-15T12:11:34.008Z] No OAuth tokens found
[debug] [2026-02-15T12:11:34.009Z] No OAuth tokens found
[error] Failed to fetch Firebase Project from current Studio Workspace: Unable to refresh auth: not yet authenticated.
[error] Failed to fetch Firebase Project from current Studio Workspace: Unable to refresh auth: not yet authenticated.
[error] Failed to fetch Firebase Project from current Studio Workspace: Unable to refresh auth: not yet authenticated.
[debug] [2026-02-15T12:11:34.010Z] No OAuth tokens found
[debug] [2026-02-15T12:11:34.010Z] No OAuth tokens found
[debug] [2026-02-15T12:11:34.011Z] No OAuth tokens found
[debug] [2026-02-15T12:11:34.011Z] No OAuth tokens found
[debug] [2026-02-15T12:11:34.012Z] No OAuth tokens found
[debug] [2026-02-15T12:11:34.012Z] No OAuth tokens found
[error] Failed to fetch Firebase Project from current Studio Workspace: Unable to refresh auth: not yet authenticated.
[error] Failed to fetch Firebase Project from current Studio Workspace: Unable to refresh auth: not yet authenticated.
[error] Failed to fetch Firebase Project from current Studio Workspace: Unable to refresh auth: not yet authenticated.
[debug] [2026-02-15T12:11:34.012Z] > command requires scopes: ["email","openid","https://www.googleapis.com/auth/cloudplatformprojects.readonly","https://www.googleapis.com/auth/firebase","https://www.googleapis.com/auth/cloud-platform","https://www.googleapis.com/auth/userinfo.email"]
[debug] [2026-02-15T12:11:34.013Z] > command requires scopes: ["email","openid","https://www.googleapis.com/auth/cloudplatformprojects.readonly","https://www.googleapis.com/auth/firebase","https://www.googleapis.com/auth/cloud-platform","https://www.googleapis.com/auth/userinfo.email"]
[debug] [2026-02-15T12:11:34.014Z] > command requires scopes: ["email","openid","https://www.googleapis.com/auth/cloudplatformprojects.readonly","https://www.googleapis.com/auth/firebase","https://www.googleapis.com/auth/cloud-platform","https://www.googleapis.com/auth/userinfo.email"]
[debug] [2026-02-15T12:11:58.509Z] Running auto auth
[debug] [2026-02-15T12:11:58.510Z] Running auto auth
[debug] [2026-02-15T12:11:58.510Z] Running auto auth
[debug] [2026-02-15T12:11:58.726Z] No OAuth tokens found
[debug] [2026-02-15T12:11:58.728Z] >>> [apiv2][query] GET https://monospace-pa.googleapis.com/v1/workspaces/ruinedfooocusui-58809437 [none]
[debug] [2026-02-15T12:11:58.800Z] No OAuth tokens found
[debug] [2026-02-15T12:11:58.800Z] >>> [apiv2][query] GET https://monospace-pa.googleapis.com/v1/workspaces/ruinedfooocusui-58809437 [none]
[debug] [2026-02-15T12:11:59.303Z] <<< [apiv2][status] GET https://monospace-pa.googleapis.com/v1/workspaces/ruinedfooocusui-58809437 200
[debug] [2026-02-15T12:11:59.303Z] <<< [apiv2][body] GET https://monospace-pa.googleapis.com/v1/workspaces/ruinedfooocusui-58809437 {"workspaceId":"ruinedfooocusui-58809437","name":"RuinedFooocusui ","workspaceRedirectUrl":"firebase-ruinedfooocusui-1771006584850.cluster-cq7k6vf7hff6sql4szxkj5pny2.cloudworkstations.dev","status":"WORKSPACE_STATUS_RUNNING","lastAccessDatetime":"2026-02-15T11:48:11.959967Z","workspaceTemplate":"WORKSPACE_TEMPLATE_FLUTTER","owner":"SELF","serviceAccountEmail":"msp-741139574653547426@monospace-per-ws-sa-3.iam.gserviceaccount.com","gitRepoUrl":"https://github.com/mermaidsinhell-stack/RuinedFooocus","enableNix":true,"ownerEmail":"Yvettecorona18@gmail.com","workstationAccessToken":"eyJhbGciOiJSUzI1NiIsInR5cCI6IkpXVCJ9.eyJpc3MiOiJodHRwczovL2Nsb3VkLmdvb2dsZS5jb20vd29ya3N0YXRpb25zIiwiYXVkIjoiZmlyZWJhc2UtcnVpbmVkZm9vb2N1c3VpLTE3NzEwMDY1ODQ4NTAuY2x1c3Rlci1jcTdrNnZmN2hmZjZzcWw0c3p4a2o1cG55Mi5jbG91ZHdvcmtzdGF0aW9ucy5kZXYiLCJpYXQiOjE3NzExNTc1MTksImV4cCI6MTc3MTI0MzkxOX0.C91Aj7bzsLvuceuTzeAlJNh2Kz8OKXiGUUEel2D4k9X-yYyEwVg1K5jtQfyDqAzYlOrnT3kEpVJj4nQLJog3BoKPDwjh8Zay69aLJQ1_55EnjXQ6YJHrtDVyc3SGYQ2Du559pW5o-nro-_84ELL4T7602xh82TK1QhOXKl5gt0NjLcvcGXrsCLI5S5-PZqlcgjXOMT2D5Rz6LjQAVRKwB4LZFh7NEfGBbb09423Z1CnPQEDJHjVSdsbbyQtzvuB8Ws0raZ7GCOeS7ZdlkDWJ8DPiCCXPZoIRfGpPMt5x4DBnvssENvE2yPYRZu-7BCPql9U0EIwUm-hY7-6mQ6o7VQ"}
[debug] [2026-02-15T12:11:59.305Z] No OAuth tokens found
[debug] [2026-02-15T12:11:59.305Z] >>> [apiv2][query] GET https://monospace-pa.googleapis.com/v1/workspaces/ruinedfooocusui-58809437 [none]
[debug] [2026-02-15T12:11:59.307Z] <<< [apiv2][status] GET https://monospace-pa.googleapis.com/v1/workspaces/ruinedfooocusui-58809437 200
[debug] [2026-02-15T12:11:59.307Z] <<< [apiv2][body] GET https://monospace-pa.googleapis.com/v1/workspaces/ruinedfooocusui-58809437 {"workspaceId":"ruinedfooocusui-58809437","name":"RuinedFooocusui ","workspaceRedirectUrl":"firebase-ruinedfooocusui-1771006584850.cluster-cq7k6vf7hff6sql4szxkj5pny2.cloudworkstations.dev","status":"WORKSPACE_STATUS_RUNNING","lastAccessDatetime":"2026-02-15T11:48:11.959967Z","workspaceTemplate":"WORKSPACE_TEMPLATE_FLUTTER","owner":"SELF","serviceAccountEmail":"msp-741139574653547426@monospace-per-ws-sa-3.iam.gserviceaccount.com","gitRepoUrl":"https://github.com/mermaidsinhell-stack/RuinedFooocus","enableNix":true,"ownerEmail":"Yvettecorona18@gmail.com","workstationAccessToken":"eyJhbGciOiJSUzI1NiIsInR5cCI6IkpXVCJ9.eyJpc3MiOiJodHRwczovL2Nsb3VkLmdvb2dsZS5jb20vd29ya3N0YXRpb25zIiwiYXVkIjoiZmlyZWJhc2UtcnVpbmVkZm9vb2N1c3VpLTE3NzEwMDY1ODQ4NTAuY2x1c3Rlci1jcTdrNnZmN2hmZjZzcWw0c3p4a2o1cG55Mi5jbG91ZHdvcmtzdGF0aW9ucy5kZXYiLCJpYXQiOjE3NzExNTc1MTksImV4cCI6MTc3MTI0MzkxOX0.C91Aj7bzsLvuceuTzeAlJNh2Kz8OKXiGUUEel2D4k9X-yYyEwVg1K5jtQfyDqAzYlOrnT3kEpVJj4nQLJog3BoKPDwjh8Zay69aLJQ1_55EnjXQ6YJHrtDVyc3SGYQ2Du559pW5o-nro-_84ELL4T7602xh82TK1QhOXKl5gt0NjLcvcGXrsCLI5S5-PZqlcgjXOMT2D5Rz6LjQAVRKwB4LZFh7NEfGBbb09423Z1CnPQEDJHjVSdsbbyQtzvuB8Ws0raZ7GCOeS7ZdlkDWJ8DPiCCXPZoIRfGpPMt5x4DBnvssENvE2yPYRZu-7BCPql9U0EIwUm-hY7-6mQ6o7VQ"}
[debug] [2026-02-15T12:11:59.308Z] No OAuth tokens found
[debug] [2026-02-15T12:11:59.308Z] >>> [apiv2][query] GET https://monospace-pa.googleapis.com/v1/workspaces/ruinedfooocusui-58809437 [none]
[debug] [2026-02-15T12:12:00.080Z] <<< [apiv2][status] GET https://monospace-pa.googleapis.com/v1/workspaces/ruinedfooocusui-58809437 200
[debug] [2026-02-15T12:12:00.081Z] <<< [apiv2][body] GET https://monospace-pa.googleapis.com/v1/workspaces/ruinedfooocusui-58809437 {"workspaceId":"ruinedfooocusui-58809437","name":"RuinedFooocusui ","workspaceRedirectUrl":"firebase-ruinedfooocusui-1771006584850.cluster-cq7k6vf7hff6sql4szxkj5pny2.cloudworkstations.dev","status":"WORKSPACE_STATUS_RUNNING","lastAccessDatetime":"2026-02-15T11:48:11.959967Z","workspaceTemplate":"WORKSPACE_TEMPLATE_FLUTTER","owner":"SELF","serviceAccountEmail":"msp-741139574653547426@monospace-per-ws-sa-3.iam.gserviceaccount.com","gitRepoUrl":"https://github.com/mermaidsinhell-stack/RuinedFooocus","enableNix":true,"ownerEmail":"Yvettecorona18@gmail.com","workstationAccessToken":"eyJhbGciOiJSUzI1NiIsInR5cCI6IkpXVCJ9.eyJpc3MiOiJodHRwczovL2Nsb3VkLmdvb2dsZS5jb20vd29ya3N0YXRpb25zIiwiYXVkIjoiZmlyZWJhc2UtcnVpbmVkZm9vb2N1c3VpLTE3NzEwMDY1ODQ4NTAuY2x1c3Rlci1jcTdrNnZmN2hmZjZzcWw0c3p4a2o1cG55Mi5jbG91ZHdvcmtzdGF0aW9ucy5kZXYiLCJpYXQiOjE3NzExNTc1MjAsImV4cCI6MTc3MTI0MzkxOX0.ENkfOK3VIhYe3sn1PNilaA0DHd5GuZbyS9c8xwxgBG37N-kOiEYLhbMJAYZ_YI6Z3-nt1FPWVD0fh6xCyDQgor9y72H7rkmBbmjPw0uPQI30weOqrNRJk_IvkDARn09O1RKP69E_2hhY8zMV-7zZ3zZeuWR28bpqPdW2vbPRcc6ETui882OxCQ_G7QLMyxsG7sJWnVfCCOFwcxRE7M4jCu0vDXJrbhtT5R7y7ll-WjLbfACa6h2lE0FhipYfMjgL3DgU6QNcJee5ohEH7ATIGBiXCNSrs2NWPwtWSWd0equfEmNJx4jUBzRP4kqN1QzHZwfuCSQf9XKuQsJmCk9f6A"}
[debug] [2026-02-15T12:12:00.082Z] No OAuth tokens found
[debug] [2026-02-15T12:12:00.082Z] >>> [apiv2][query] GET https://monospace-pa.googleapis.com/v1/workspaces/ruinedfooocusui-58809437 [none]
[debug] [2026-02-15T12:12:00.110Z] <<< [apiv2][status] GET https://monospace-pa.googleapis.com/v1/workspaces/ruinedfooocusui-58809437 200
[debug] [2026-02-15T12:12:00.110Z] <<< [apiv2][body] GET https://monospace-pa.googleapis.com/v1/workspaces/ruinedfooocusui-58809437 {"workspaceId":"ruinedfooocusui-58809437","name":"RuinedFooocusui ","workspaceRedirectUrl":"firebase-ruinedfooocusui-1771006584850.cluster-cq7k6vf7hff6sql4szxkj5pny2.cloudworkstations.dev","status":"WORKSPACE_STATUS_RUNNING","lastAccessDatetime":"2026-02-15T11:48:11.959967Z","workspaceTemplate":"WORKSPACE_TEMPLATE_FLUTTER","owner":"SELF","serviceAccountEmail":"msp-741139574653547426@monospace-per-ws-sa-3.iam.gserviceaccount.com","gitRepoUrl":"https://github.com/mermaidsinhell-stack/RuinedFooocus","enableNix":true,"ownerEmail":"Yvettecorona18@gmail.com","workstationAccessToken":"eyJhbGciOiJSUzI1NiIsInR5cCI6IkpXVCJ9.eyJpc3MiOiJodHRwczovL2Nsb3VkLmdvb2dsZS5jb20vd29ya3N0YXRpb25zIiwiYXVkIjoiZmlyZWJhc2UtcnVpbmVkZm9vb2N1c3VpLTE3NzEwMDY1ODQ4NTAuY2x1c3Rlci1jcTdrNnZmN2hmZjZzcWw0c3p4a2o1cG55Mi5jbG91ZHdvcmtzdGF0aW9ucy5kZXYiLCJpYXQiOjE3NzExNTc1MjAsImV4cCI6MTc3MTI0MzkxOX0.ENkfOK3VIhYe3sn1PNilaA0DHd5GuZbyS9c8xwxgBG37N-kOiEYLhbMJAYZ_YI6Z3-nt1FPWVD0fh6xCyDQgor9y72H7rkmBbmjPw0uPQI30weOqrNRJk_IvkDARn09O1RKP69E_2hhY8zMV-7zZ3zZeuWR28bpqPdW2vbPRcc6ETui882OxCQ_G7QLMyxsG7sJWnVfCCOFwcxRE7M4jCu0vDXJrbhtT5R7y7ll-WjLbfACa6h2lE0FhipYfMjgL3DgU6QNcJee5ohEH7ATIGBiXCNSrs2NWPwtWSWd0equfEmNJx4jUBzRP4kqN1QzHZwfuCSQf9XKuQsJmCk9f6A"}
[debug] [2026-02-15T12:12:00.111Z] No OAuth tokens found
[debug] [2026-02-15T12:12:00.112Z] >>> [apiv2][query] GET https://monospace-pa.googleapis.com/v1/workspaces/ruinedfooocusui-58809437 [none]
[debug] [2026-02-15T12:12:00.553Z] <<< [apiv2][status] GET https://monospace-pa.googleapis.com/v1/workspaces/ruinedfooocusui-58809437 200
[debug] [2026-02-15T12:12:00.553Z] <<< [apiv2][body] GET https://monospace-pa.googleapis.com/v1/workspaces/ruinedfooocusui-58809437 {"workspaceId":"ruinedfooocusui-58809437","name":"RuinedFooocusui ","workspaceRedirectUrl":"firebase-ruinedfooocusui-1771006584850.cluster-cq7k6vf7hff6sql4szxkj5pny2.cloudworkstations.dev","status":"WORKSPACE_STATUS_RUNNING","lastAccessDatetime":"2026-02-15T11:48:11.959967Z","workspaceTemplate":"WORKSPACE_TEMPLATE_FLUTTER","owner":"SELF","serviceAccountEmail":"msp-741139574653547426@monospace-per-ws-sa-3.iam.gserviceaccount.com","gitRepoUrl":"https://github.com/mermaidsinhell-stack/RuinedFooocus","enableNix":true,"ownerEmail":"Yvettecorona18@gmail.com","workstationAccessToken":"eyJhbGciOiJSUzI1NiIsInR5cCI6IkpXVCJ9.eyJpc3MiOiJodHRwczovL2Nsb3VkLmdvb2dsZS5jb20vd29ya3N0YXRpb25zIiwiYXVkIjoiZmlyZWJhc2UtcnVpbmVkZm9vb2N1c3VpLTE3NzEwMDY1ODQ4NTAuY2x1c3Rlci1jcTdrNnZmN2hmZjZzcWw0c3p4a2o1cG55Mi5jbG91ZHdvcmtzdGF0aW9ucy5kZXYiLCJpYXQiOjE3NzExNTc1MjAsImV4cCI6MTc3MTI0MzkyMH0.H06zciumlLtOuRDtUIRepsHxRZdYUWyQ-2r1wgvxkw0-YM_y5q8VBEva8yrJ3q_o6ZyGDUmxdLMiWai-lbu8vAEKu4iumpvFyyqbhXQ0N23_1FPPIHK8ocISUYtf8BF6aR1KeebKdy8GWH9OGq6dRMdR09Tp0qrctBCaQLBTeYcWF3SVgAljE3_Pay-39a2pPFY58pgrgWjN69zk1-x9bMvuBvw8vAl4qgXrue1wX2cFvWbZB3HANGSbyVUJYLlCFsHhoQfjT0sOQw9FcJC-LmUUXab7dIPAjzb3Jjct8RvugDDMrUlR5EdKaQtiOfErh6_eXEnBe2GFk74qnZgzNA"}
[debug] [2026-02-15T12:12:00.554Z] > command requires scopes: ["email","openid","https://www.googleapis.com/auth/cloudplatformprojects.readonly","https://www.googleapis.com/auth/firebase","https://www.googleapis.com/auth/cloud-platform","https://www.googleapis.com/auth/userinfo.email"]
[debug] [2026-02-15T12:12:00.554Z] > authorizing via signed-in user (yvettecorona18@gmail.com)
[debug] [2026-02-15T12:12:00.556Z] No OAuth tokens found
[debug] [2026-02-15T12:12:00.556Z] >>> [apiv2][query] GET https://monospace-pa.googleapis.com/v1/workspaces/ruinedfooocusui-58809437 [none]
[debug] [2026-02-15T12:12:00.682Z] <<< [apiv2][status] GET https://monospace-pa.googleapis.com/v1/workspaces/ruinedfooocusui-58809437 200
[debug] [2026-02-15T12:12:00.682Z] <<< [apiv2][body] GET https://monospace-pa.googleapis.com/v1/workspaces/ruinedfooocusui-58809437 {"workspaceId":"ruinedfooocusui-58809437","name":"RuinedFooocusui ","workspaceRedirectUrl":"firebase-ruinedfooocusui-1771006584850.cluster-cq7k6vf7hff6sql4szxkj5pny2.cloudworkstations.dev","status":"WORKSPACE_STATUS_RUNNING","lastAccessDatetime":"2026-02-15T11:48:11.959967Z","workspaceTemplate":"WORKSPACE_TEMPLATE_FLUTTER","owner":"SELF","serviceAccountEmail":"msp-741139574653547426@monospace-per-ws-sa-3.iam.gserviceaccount.com","gitRepoUrl":"https://github.com/mermaidsinhell-stack/RuinedFooocus","enableNix":true,"ownerEmail":"Yvettecorona18@gmail.com","workstationAccessToken":"eyJhbGciOiJSUzI1NiIsInR5cCI6IkpXVCJ9.eyJpc3MiOiJodHRwczovL2Nsb3VkLmdvb2dsZS5jb20vd29ya3N0YXRpb25zIiwiYXVkIjoiZmlyZWJhc2UtcnVpbmVkZm9vb2N1c3VpLTE3NzEwMDY1ODQ4NTAuY2x1c3Rlci1jcTdrNnZmN2hmZjZzcWw0c3p4a2o1cG55Mi5jbG91ZHdvcmtzdGF0aW9ucy5kZXYiLCJpYXQiOjE3NzExNTc1MjAsImV4cCI6MTc3MTI0MzkyMH0.H06zciumlLtOuRDtUIRepsHxRZdYUWyQ-2r1wgvxkw0-YM_y5q8VBEva8yrJ3q_o6ZyGDUmxdLMiWai-lbu8vAEKu4iumpvFyyqbhXQ0N23_1FPPIHK8ocISUYtf8BF6aR1KeebKdy8GWH9OGq6dRMdR09Tp0qrctBCaQLBTeYcWF3SVgAljE3_Pay-39a2pPFY58pgrgWjN69zk1-x9bMvuBvw8vAl4qgXrue1wX2cFvWbZB3HANGSbyVUJYLlCFsHhoQfjT0sOQw9FcJC-LmUUXab7dIPAjzb3Jjct8RvugDDMrUlR5EdKaQtiOfErh6_eXEnBe2GFk74qnZgzNA"}
[debug] [2026-02-15T12:12:00.682Z] > command requires scopes: ["email","openid","https://www.googleapis.com/auth/cloudplatformprojects.readonly","https://www.googleapis.com/auth/firebase","https://www.googleapis.com/auth/cloud-platform","https://www.googleapis.com/auth/userinfo.email"]
[debug] [2026-02-15T12:12:00.683Z] > authorizing via signed-in user (yvettecorona18@gmail.com)
[debug] [2026-02-15T12:12:00.684Z] No OAuth tokens found
[debug] [2026-02-15T12:12:00.684Z] >>> [apiv2][query] GET https://monospace-pa.googleapis.com/v1/workspaces/ruinedfooocusui-58809437 [none]
[debug] [2026-02-15T12:12:01.051Z] <<< [apiv2][status] GET https://monospace-pa.googleapis.com/v1/workspaces/ruinedfooocusui-58809437 200
[debug] [2026-02-15T12:12:01.051Z] <<< [apiv2][body] GET https://monospace-pa.googleapis.com/v1/workspaces/ruinedfooocusui-58809437 {"workspaceId":"ruinedfooocusui-58809437","name":"RuinedFooocusui ","workspaceRedirectUrl":"firebase-ruinedfooocusui-1771006584850.cluster-cq7k6vf7hff6sql4szxkj5pny2.cloudworkstations.dev","status":"WORKSPACE_STATUS_RUNNING","lastAccessDatetime":"2026-02-15T11:48:11.959967Z","workspaceTemplate":"WORKSPACE_TEMPLATE_FLUTTER","owner":"SELF","serviceAccountEmail":"msp-741139574653547426@monospace-per-ws-sa-3.iam.gserviceaccount.com","gitRepoUrl":"https://github.com/mermaidsinhell-stack/RuinedFooocus","enableNix":true,"ownerEmail":"Yvettecorona18@gmail.com","workstationAccessToken":"eyJhbGciOiJSUzI1NiIsInR5cCI6IkpXVCJ9.eyJpc3MiOiJodHRwczovL2Nsb3VkLmdvb2dsZS5jb20vd29ya3N0YXRpb25zIiwiYXVkIjoiZmlyZWJhc2UtcnVpbmVkZm9vb2N1c3VpLTE3NzEwMDY1ODQ4NTAuY2x1c3Rlci1jcTdrNnZmN2hmZjZzcWw0c3p4a2o1cG55Mi5jbG91ZHdvcmtzdGF0aW9ucy5kZXYiLCJpYXQiOjE3NzExNTc1MjAsImV4cCI6MTc3MTI0MzkyMH0.H06zciumlLtOuRDtUIRepsHxRZdYUWyQ-2r1wgvxkw0-YM_y5q8VBEva8yrJ3q_o6ZyGDUmxdLMiWai-lbu8vAEKu4iumpvFyyqbhXQ0N23_1FPPIHK8ocISUYtf8BF6aR1KeebKdy8GWH9OGq6dRMdR09Tp0qrctBCaQLBTeYcWF3SVgAljE3_Pay-39a2pPFY58pgrgWjN69zk1-x9bMvuBvw8vAl4qgXrue1wX2cFvWbZB3HANGSbyVUJYLlCFsHhoQfjT0sOQw9FcJC-LmUUXab7dIPAjzb3Jjct8RvugDDMrUlR5EdKaQtiOfErh6_eXEnBe2GFk74qnZgzNA"}
[debug] [2026-02-15T12:12:01.051Z] > command requires scopes: ["email","openid","https://www.googleapis.com/auth/cloudplatformprojects.readonly","https://www.googleapis.com/auth/firebase","https://www.googleapis.com/auth/cloud-platform","https://www.googleapis.com/auth/userinfo.email"]
[debug] [2026-02-15T12:12:01.051Z] > authorizing via signed-in user (yvettecorona18@gmail.com)
[debug] [2026-02-15T12:12:01.247Z] <<< [apiv2][status] GET https://monospace-pa.googleapis.com/v1/workspaces/ruinedfooocusui-58809437 200
[debug] [2026-02-15T12:12:01.247Z] <<< [apiv2][body] GET https://monospace-pa.googleapis.com/v1/workspaces/ruinedfooocusui-58809437 {"workspaceId":"ruinedfooocusui-58809437","name":"RuinedFooocusui ","workspaceRedirectUrl":"firebase-ruinedfooocusui-1771006584850.cluster-cq7k6vf7hff6sql4szxkj5pny2.cloudworkstations.dev","status":"WORKSPACE_STATUS_RUNNING","lastAccessDatetime":"2026-02-15T11:48:11.959967Z","workspaceTemplate":"WORKSPACE_TEMPLATE_FLUTTER","owner":"SELF","serviceAccountEmail":"msp-741139574653547426@monospace-per-ws-sa-3.iam.gserviceaccount.com","gitRepoUrl":"https://github.com/mermaidsinhell-stack/RuinedFooocus","enableNix":true,"ownerEmail":"Yvettecorona18@gmail.com","workstationAccessToken":"eyJhbGciOiJSUzI1NiIsInR5cCI6IkpXVCJ9.eyJpc3MiOiJodHRwczovL2Nsb3VkLmdvb2dsZS5jb20vd29ya3N0YXRpb25zIiwiYXVkIjoiZmlyZWJhc2UtcnVpbmVkZm9vb2N1c3VpLTE3NzEwMDY1ODQ4NTAuY2x1c3Rlci1jcTdrNnZmN2hmZjZzcWw0c3p4a2o1cG55Mi5jbG91ZHdvcmtzdGF0aW9ucy5kZXYiLCJpYXQiOjE3NzExNTc1MjEsImV4cCI6MTc3MTI0MzkyMX0.dQb3BpP13U69XV5JIz54CknmNsLiqSw-vaNNjVUw_0U8MbTJ-04z68TOqWsVXh4GIei0FZP-gJwghcVqzBrnOpSLm7MWWgO-t1KK1X8gNhfO4VUvXxRqxyCq59LvMBDO4LK89t2DoM5x7iHj47GrKgsr5kQ2ck6k8aX5zeC0ARoygwf4gtK7ZnuETBg6b7WCtODPhBbgcGPvgEFFjQTLki9m0tQi8gMXCpoz6wkF_-FUQ0ZBXIhwhtgoLDGo3TnQCLyqiFnD6R-qCyowCPMTHVZMSUbXxyLnhlOTSgFGf0kMXwcQlz-_V_704PGriLxYCmReD2O2aCB0KbRNUSQZgg"}
[debug] [2026-02-15T12:12:01.247Z] > command requires scopes: ["email","openid","https://www.googleapis.com/auth/cloudplatformprojects.readonly","https://www.googleapis.com/auth/firebase","https://www.googleapis.com/auth/cloud-platform","https://www.googleapis.com/auth/userinfo.email"]
[debug] [2026-02-15T12:12:01.247Z] > authorizing via signed-in user (yvettecorona18@gmail.com)
